<?xml version="1.0" encoding="UTF-8"?>
<!-- Generated by org.testng.reporters.JUnitReportReporter -->
<testsuite skipped="0" hostname="DESKTOP-JO75CJN" name="Tests.LoginTest" tests="1" failures="0" timestamp="24 Dec 2018 21:36:38 GMT" time="0.234" errors="0">
  <testcase name="LoginUser" time="0.234" classname="Tests.LoginTest"/>
</testsuite> <!-- Tests.LoginTest -->
